<?xml version="1.0" encoding="UTF-8"?>
<!-- Generated by org.testng.reporters.JUnitReportReporter -->
<testsuite hostname="DESKTOP-LS00S42" failures="0" tests="3" name="com.tests.LoginPageTest" time="13.488" errors="0" timestamp="2024-06-10T18:10:43 IST" skipped="0">
  <testcase classname="com.tests.LoginPageTest" name="loginTest" time="5.596"/>
  <testcase classname="com.tests.LoginPageTest" name="pageUrl" time="0.027"/>
  <testcase classname="com.tests.LoginPageTest" name="loginInvalidTest" time="7.865"/>
</testsuite> <!-- com.tests.LoginPageTest -->
