<?xml version="1.0" encoding="UTF-8"?>
<!-- Generated by org.testng.reporters.JUnitReportReporter -->
<testsuite hostname="DESKTOP-LS00S42" failures="0" tests="1" name="com.tests.LoginPageTest" time="8.349" errors="0" timestamp="2024-05-30T18:13:11 IST" skipped="0">
  <testcase classname="com.tests.LoginPageTest" name="pageUrl" time="8.349"/>
</testsuite> <!-- com.tests.LoginPageTest -->
