<?xml version="1.0" encoding="UTF-8"?>
<!-- Generated by org.testng.reporters.JUnitReportReporter -->
<testsuite hostname="DESKTOP-LS00S42" failures="0" tests="6" name="com.tests.LoginTest" time="0.014" errors="0" timestamp="2024-06-05T16:00:37 IST" skipped="0">
  <testcase classname="com.tests.LoginTest" name="verify_registration_Test" time="0.004"/>
  <testcase classname="com.tests.LoginTest" name="verify_registration_Test" time="0.003"/>
  <testcase classname="com.tests.LoginTest" name="verify_registration_Test" time="0.002"/>
  <testcase classname="com.tests.LoginTest" name="verify_registration_Test" time="0.001"/>
  <testcase classname="com.tests.LoginTest" name="verify_registration_Test" time="0.002"/>
  <testcase classname="com.tests.LoginTest" name="verify_login_Test" time="0.002"/>
</testsuite> <!-- com.tests.LoginTest -->
