<?xml version="1.0" encoding="UTF-8"?>
<!-- Generated by org.testng.reporters.JUnitReportReporter -->
<testsuite hostname="DESKTOP-LS00S42" failures="0" tests="1" name="com.tests.Sample" time="0.012" errors="0" timestamp="2024-05-30T13:38:37 IST" skipped="0">
  <testcase classname="com.tests.Sample" name="verifyText" time="0.012"/>
</testsuite> <!-- com.tests.Sample -->
