<?xml version="1.0" encoding="UTF-8"?>
<!-- Generated by org.testng.reporters.JUnitReportReporter -->
<testsuite hostname="DESKTOP-LS00S42" failures="0" tests="2" name="com.tests.MyCalclulator" time="0.009" errors="0" timestamp="2024-06-05T16:00:37 IST" skipped="0">
  <testcase classname="com.tests.MyCalclulator" name="substraction" time="0.002"/>
  <testcase classname="com.tests.MyCalclulator" name="addion" time="0.007"/>
</testsuite> <!-- com.tests.MyCalclulator -->
